#! /usr/bin/vvp
:ivl_version "11.0 (stable)";
:ivl_delay_selection "TYPICAL";
:vpi_time_precision + 0;
:vpi_module "/usr/lib/x86_64-linux-gnu/ivl/system.vpi";
:vpi_module "/usr/lib/x86_64-linux-gnu/ivl/vhdl_sys.vpi";
:vpi_module "/usr/lib/x86_64-linux-gnu/ivl/vhdl_textio.vpi";
:vpi_module "/usr/lib/x86_64-linux-gnu/ivl/v2005_math.vpi";
:vpi_module "/usr/lib/x86_64-linux-gnu/ivl/va_math.vpi";
:vpi_module "/usr/lib/x86_64-linux-gnu/ivl/v2009.vpi";
S_0x5be5fc51ad90 .scope package, "$unit" "$unit" 2 1;
 .timescale 0 0;
S_0x5be5fc51af20 .scope module, "fifo" "fifo" 3 5;
 .timescale 0 0;
    .port_info 0 /INPUT 1 "clk";
    .port_info 1 /INPUT 1 "rst_n";
    .port_info 2 /INPUT 1 "wr_en";
    .port_info 3 /INPUT 1 "rd_en";
    .port_info 4 /INPUT 8 "din";
    .port_info 5 /OUTPUT 8 "dout";
    .port_info 6 /OUTPUT 1 "full";
    .port_info 7 /OUTPUT 1 "empty";
L_0x5be5fc543940 .functor XOR 1, L_0x5be5fc56bee0, L_0x5be5fc56bf80, C4<0>, C4<0>;
L_0x5be5fc56c430 .functor AND 1, L_0x5be5fc543940, L_0x5be5fc56c280, C4<1>, C4<1>;
v0x5be5fc543ae0_0 .net *"_ivl_11", 3 0, L_0x5be5fc56c1e0;  1 drivers
v0x5be5fc543b80_0 .net *"_ivl_12", 0 0, L_0x5be5fc56c280;  1 drivers
v0x5be5fc56afe0_0 .net *"_ivl_3", 0 0, L_0x5be5fc56bee0;  1 drivers
v0x5be5fc56b0a0_0 .net *"_ivl_5", 0 0, L_0x5be5fc56bf80;  1 drivers
v0x5be5fc56b180_0 .net *"_ivl_6", 0 0, L_0x5be5fc543940;  1 drivers
v0x5be5fc56b290_0 .net *"_ivl_9", 3 0, L_0x5be5fc56c110;  1 drivers
o0x7570ffd9f138 .functor BUFZ 1, C4<z>; HiZ drive
v0x5be5fc56b370_0 .net "clk", 0 0, o0x7570ffd9f138;  0 drivers
o0x7570ffd9f168 .functor BUFZ 8, C4<zzzzzzzz>; HiZ drive
v0x5be5fc56b430_0 .net "din", 7 0, o0x7570ffd9f168;  0 drivers
v0x5be5fc56b510_0 .var "dout", 7 0;
v0x5be5fc56b5f0_0 .net "empty", 0 0, L_0x5be5fc56be40;  1 drivers
v0x5be5fc56b6b0_0 .net "full", 0 0, L_0x5be5fc56c430;  1 drivers
v0x5be5fc56b770 .array "mem", 15 0, 7 0;
o0x7570ffd9f228 .functor BUFZ 1, C4<z>; HiZ drive
v0x5be5fc56b830_0 .net "rd_en", 0 0, o0x7570ffd9f228;  0 drivers
v0x5be5fc56b8f0_0 .var "rd_ptr", 4 0;
o0x7570ffd9f288 .functor BUFZ 1, C4<z>; HiZ drive
v0x5be5fc56b9d0_0 .net "rst_n", 0 0, o0x7570ffd9f288;  0 drivers
o0x7570ffd9f2b8 .functor BUFZ 1, C4<z>; HiZ drive
v0x5be5fc56ba90_0 .net "wr_en", 0 0, o0x7570ffd9f2b8;  0 drivers
v0x5be5fc56bb50_0 .var "wr_ptr", 4 0;
E_0x5be5fc51b650/0 .event negedge, v0x5be5fc56b9d0_0;
E_0x5be5fc51b650/1 .event posedge, v0x5be5fc56b370_0;
E_0x5be5fc51b650 .event/or E_0x5be5fc51b650/0, E_0x5be5fc51b650/1;
L_0x5be5fc56be40 .cmp/eq 5, v0x5be5fc56bb50_0, v0x5be5fc56b8f0_0;
L_0x5be5fc56bee0 .part v0x5be5fc56bb50_0, 4, 1;
L_0x5be5fc56bf80 .part v0x5be5fc56b8f0_0, 4, 1;
L_0x5be5fc56c110 .part v0x5be5fc56bb50_0, 0, 4;
L_0x5be5fc56c1e0 .part v0x5be5fc56b8f0_0, 0, 4;
L_0x5be5fc56c280 .cmp/eq 4, L_0x5be5fc56c110, L_0x5be5fc56c1e0;
    .scope S_0x5be5fc51af20;
T_0 ;
    %wait E_0x5be5fc51b650;
    %load/vec4 v0x5be5fc56b9d0_0;
    %nor/r;
    %flag_set/vec4 8;
    %jmp/0xz  T_0.0, 8;
    %pushi/vec4 0, 0, 5;
    %assign/vec4 v0x5be5fc56bb50_0, 0;
    %jmp T_0.1;
T_0.0 ;
    %load/vec4 v0x5be5fc56ba90_0;
    %load/vec4 v0x5be5fc56b6b0_0;
    %nor/r;
    %and;
    %flag_set/vec4 8;
    %jmp/0xz  T_0.2, 8;
    %load/vec4 v0x5be5fc56b430_0;
    %load/vec4 v0x5be5fc56bb50_0;
    %parti/s 4, 0, 2;
    %pad/u 6;
    %ix/vec4 3;
    %ix/load 4, 0, 0; Constant delay
    %assign/vec4/a/d v0x5be5fc56b770, 0, 4;
    %load/vec4 v0x5be5fc56bb50_0;
    %addi 1, 0, 5;
    %assign/vec4 v0x5be5fc56bb50_0, 0;
T_0.2 ;
T_0.1 ;
    %jmp T_0;
    .thread T_0;
    .scope S_0x5be5fc51af20;
T_1 ;
    %wait E_0x5be5fc51b650;
    %load/vec4 v0x5be5fc56b9d0_0;
    %nor/r;
    %flag_set/vec4 8;
    %jmp/0xz  T_1.0, 8;
    %pushi/vec4 0, 0, 5;
    %assign/vec4 v0x5be5fc56b8f0_0, 0;
    %pushi/vec4 0, 0, 8;
    %assign/vec4 v0x5be5fc56b510_0, 0;
    %jmp T_1.1;
T_1.0 ;
    %load/vec4 v0x5be5fc56b830_0;
    %load/vec4 v0x5be5fc56b5f0_0;
    %nor/r;
    %and;
    %flag_set/vec4 8;
    %jmp/0xz  T_1.2, 8;
    %load/vec4 v0x5be5fc56b8f0_0;
    %parti/s 4, 0, 2;
    %pad/u 6;
    %ix/vec4 4;
    %load/vec4a v0x5be5fc56b770, 4;
    %assign/vec4 v0x5be5fc56b510_0, 0;
    %load/vec4 v0x5be5fc56b8f0_0;
    %addi 1, 0, 5;
    %assign/vec4 v0x5be5fc56b8f0_0, 0;
T_1.2 ;
T_1.1 ;
    %jmp T_1;
    .thread T_1;
# The file index is used to find the file name in the following table.
:file_names 4;
    "N/A";
    "<interactive>";
    "-";
    "fifo.v";
